[0.118s] DEBUG:colcon:Command line arguments: ['/usr/bin/colcon', 'build', '--symlink-install']
[0.118s] DEBUG:colcon:Parsed command line arguments: Namespace(log_base=None, log_level=None, verb_name='build', build_base='build', install_base='install', merge_install=False, symlink_install=True, test_result_base=None, continue_on_error=False, executor='parallel', parallel_workers=16, event_handlers=None, ignore_user_meta=False, metas=['./colcon.meta'], base_paths=['.'], packages_ignore=None, packages_ignore_regex=None, paths=None, packages_up_to=None, packages_up_to_regex=None, packages_above=None, packages_above_and_dependencies=None, packages_above_depth=None, packages_select_by_dep=None, packages_skip_by_dep=None, packages_skip_up_to=None, packages_select_build_failed=False, packages_skip_build_finished=False, packages_select_test_failures=False, packages_skip_test_passed=False, packages_select=None, packages_skip=None, packages_select_regex=None, packages_skip_regex=None, packages_start=None, packages_end=None, cmake_args=None, cmake_target=None, cmake_target_skip_unavailable=False, cmake_clean_cache=False, cmake_clean_first=False, cmake_force_configure=False, ament_cmake_args=None, catkin_cmake_args=None, catkin_skip_building_tests=False, mixin_files=None, mixin=None, verb_parser=<colcon_mixin.mixin.mixin_argument.MixinArgumentDecorator object at 0x743e84edaef0>, verb_extension=<colcon_core.verb.build.BuildVerb object at 0x743e84eda980>, main=<bound method BuildVerb.main of <colcon_core.verb.build.BuildVerb object at 0x743e84eda980>>, mixin_verb=('build',))
[0.232s] Level 1:colcon.colcon_core.package_discovery:discover_packages(colcon_meta) check parameters
[0.233s] Level 1:colcon.colcon_core.package_discovery:discover_packages(recursive) check parameters
[0.234s] Level 1:colcon.colcon_core.package_discovery:discover_packages(ignore) check parameters
[0.234s] Level 1:colcon.colcon_core.package_discovery:discover_packages(path) check parameters
[0.235s] Level 1:colcon.colcon_core.package_discovery:discover_packages(colcon_meta) discover
[0.235s] Level 1:colcon.colcon_core.package_discovery:discover_packages(recursive) discover
[0.236s] INFO:colcon.colcon_core.package_discovery:Crawling recursively for packages in '/home/willy/Willy2.0/ws'
[0.238s] Level 1:colcon.colcon_core.package_identification:_identify(.) by extensions ['ignore', 'ignore_ament_install']
[0.238s] Level 1:colcon.colcon_core.package_identification:_identify(.) by extension 'ignore'
[0.239s] Level 1:colcon.colcon_core.package_identification:_identify(.) by extension 'ignore_ament_install'
[0.239s] Level 1:colcon.colcon_core.package_identification:_identify(.) by extensions ['colcon_pkg']
[0.239s] Level 1:colcon.colcon_core.package_identification:_identify(.) by extension 'colcon_pkg'
[0.240s] Level 1:colcon.colcon_core.package_identification:_identify(.) by extensions ['colcon_meta']
[0.240s] Level 1:colcon.colcon_core.package_identification:_identify(.) by extension 'colcon_meta'
[0.240s] Level 1:colcon.colcon_core.package_identification:_identify(.) by extensions ['ros']
[0.240s] Level 1:colcon.colcon_core.package_identification:_identify(.) by extension 'ros'
[0.250s] Level 1:colcon.colcon_core.package_identification:_identify(.) by extensions ['cmake', 'python']
[0.250s] Level 1:colcon.colcon_core.package_identification:_identify(.) by extension 'cmake'
[0.251s] Level 1:colcon.colcon_core.package_identification:_identify(.) by extension 'python'
[0.251s] Level 1:colcon.colcon_core.package_identification:_identify(.) by extensions ['python_setup_py']
[0.251s] Level 1:colcon.colcon_core.package_identification:_identify(.) by extension 'python_setup_py'
[0.254s] Level 1:colcon.colcon_core.package_identification:_identify(build) by extensions ['ignore', 'ignore_ament_install']
[0.254s] Level 1:colcon.colcon_core.package_identification:_identify(build) by extension 'ignore'
[0.255s] Level 1:colcon.colcon_core.package_identification:_identify(build) ignored
[0.257s] Level 1:colcon.colcon_core.package_identification:_identify(install) by extensions ['ignore', 'ignore_ament_install']
[0.257s] Level 1:colcon.colcon_core.package_identification:_identify(install) by extension 'ignore'
[0.258s] Level 1:colcon.colcon_core.package_identification:_identify(install) ignored
[0.262s] Level 1:colcon.colcon_core.package_identification:_identify(log) by extensions ['ignore', 'ignore_ament_install']
[0.262s] Level 1:colcon.colcon_core.package_identification:_identify(log) by extension 'ignore'
[0.263s] Level 1:colcon.colcon_core.package_identification:_identify(log) ignored
[0.265s] Level 1:colcon.colcon_core.package_identification:_identify(src) by extensions ['ignore', 'ignore_ament_install']
[0.265s] Level 1:colcon.colcon_core.package_identification:_identify(src) by extension 'ignore'
[0.266s] Level 1:colcon.colcon_core.package_identification:_identify(src) by extension 'ignore_ament_install'
[0.267s] Level 1:colcon.colcon_core.package_identification:_identify(src) by extensions ['colcon_pkg']
[0.267s] Level 1:colcon.colcon_core.package_identification:_identify(src) by extension 'colcon_pkg'
[0.268s] Level 1:colcon.colcon_core.package_identification:_identify(src) by extensions ['colcon_meta']
[0.268s] Level 1:colcon.colcon_core.package_identification:_identify(src) by extension 'colcon_meta'
[0.269s] Level 1:colcon.colcon_core.package_identification:_identify(src) by extensions ['ros']
[0.269s] Level 1:colcon.colcon_core.package_identification:_identify(src) by extension 'ros'
[0.271s] Level 1:colcon.colcon_core.package_identification:_identify(src) by extensions ['cmake', 'python']
[0.271s] Level 1:colcon.colcon_core.package_identification:_identify(src) by extension 'cmake'
[0.272s] Level 1:colcon.colcon_core.package_identification:_identify(src) by extension 'python'
[0.272s] Level 1:colcon.colcon_core.package_identification:_identify(src) by extensions ['python_setup_py']
[0.272s] Level 1:colcon.colcon_core.package_identification:_identify(src) by extension 'python_setup_py'
[0.275s] Level 1:colcon.colcon_core.package_identification:_identify(src/Willy) by extensions ['ignore', 'ignore_ament_install']
[0.276s] Level 1:colcon.colcon_core.package_identification:_identify(src/Willy) by extension 'ignore'
[0.277s] Level 1:colcon.colcon_core.package_identification:_identify(src/Willy) by extension 'ignore_ament_install'
[0.279s] Level 1:colcon.colcon_core.package_identification:_identify(src/Willy) by extensions ['colcon_pkg']
[0.280s] Level 1:colcon.colcon_core.package_identification:_identify(src/Willy) by extension 'colcon_pkg'
[0.281s] Level 1:colcon.colcon_core.package_identification:_identify(src/Willy) by extensions ['colcon_meta']
[0.281s] Level 1:colcon.colcon_core.package_identification:_identify(src/Willy) by extension 'colcon_meta'
[0.282s] Level 1:colcon.colcon_core.package_identification:_identify(src/Willy) by extensions ['ros']
[0.282s] Level 1:colcon.colcon_core.package_identification:_identify(src/Willy) by extension 'ros'
[0.286s] Level 1:colcon.colcon_core.package_identification:_identify(src/Willy) by extensions ['cmake', 'python']
[0.286s] Level 1:colcon.colcon_core.package_identification:_identify(src/Willy) by extension 'cmake'
[0.287s] Level 1:colcon.colcon_core.package_identification:_identify(src/Willy) by extension 'python'
[0.288s] Level 1:colcon.colcon_core.package_identification:_identify(src/Willy) by extensions ['python_setup_py']
[0.289s] Level 1:colcon.colcon_core.package_identification:_identify(src/Willy) by extension 'python_setup_py'
[0.293s] Level 1:colcon.colcon_core.package_identification:_identify(src/sllidar_ros2) by extensions ['ignore', 'ignore_ament_install']
[0.293s] Level 1:colcon.colcon_core.package_identification:_identify(src/sllidar_ros2) by extension 'ignore'
[0.294s] Level 1:colcon.colcon_core.package_identification:_identify(src/sllidar_ros2) by extension 'ignore_ament_install'
[0.296s] Level 1:colcon.colcon_core.package_identification:_identify(src/sllidar_ros2) by extensions ['colcon_pkg']
[0.296s] Level 1:colcon.colcon_core.package_identification:_identify(src/sllidar_ros2) by extension 'colcon_pkg'
[0.297s] Level 1:colcon.colcon_core.package_identification:_identify(src/sllidar_ros2) by extensions ['colcon_meta']
[0.297s] Level 1:colcon.colcon_core.package_identification:_identify(src/sllidar_ros2) by extension 'colcon_meta'
[0.298s] Level 1:colcon.colcon_core.package_identification:_identify(src/sllidar_ros2) by extensions ['ros']
[0.299s] Level 1:colcon.colcon_core.package_identification:_identify(src/sllidar_ros2) by extension 'ros'
[0.309s] DEBUG:colcon.colcon_core.package_identification:Package 'src/sllidar_ros2' with type 'ros.ament_cmake' and name 'sllidar_ros2'
[0.314s] Level 1:colcon.colcon_core.package_identification:_identify(src/urg_node2) by extensions ['ignore', 'ignore_ament_install']
[0.315s] Level 1:colcon.colcon_core.package_identification:_identify(src/urg_node2) by extension 'ignore'
[0.316s] Level 1:colcon.colcon_core.package_identification:_identify(src/urg_node2) by extension 'ignore_ament_install'
[0.318s] Level 1:colcon.colcon_core.package_identification:_identify(src/urg_node2) by extensions ['colcon_pkg']
[0.318s] Level 1:colcon.colcon_core.package_identification:_identify(src/urg_node2) by extension 'colcon_pkg'
[0.320s] Level 1:colcon.colcon_core.package_identification:_identify(src/urg_node2) by extensions ['colcon_meta']
[0.320s] Level 1:colcon.colcon_core.package_identification:_identify(src/urg_node2) by extension 'colcon_meta'
[0.322s] Level 1:colcon.colcon_core.package_identification:_identify(src/urg_node2) by extensions ['ros']
[0.322s] Level 1:colcon.colcon_core.package_identification:_identify(src/urg_node2) by extension 'ros'
[0.336s] DEBUG:colcon.colcon_core.package_identification:Package 'src/urg_node2' with type 'ros.ament_cmake' and name 'urg_node2'
[0.336s] Level 1:colcon.colcon_core.package_discovery:discover_packages(recursive) using defaults
[0.337s] Level 1:colcon.colcon_core.package_discovery:discover_packages(ignore) discover
[0.337s] Level 1:colcon.colcon_core.package_discovery:discover_packages(ignore) using defaults
[0.337s] Level 1:colcon.colcon_core.package_discovery:discover_packages(path) discover
[0.337s] Level 1:colcon.colcon_core.package_discovery:discover_packages(path) using defaults
[0.362s] Level 5:colcon.colcon_core.verb:set package 'sllidar_ros2' build argument 'cmake_args' from command line to 'None'
[0.362s] Level 5:colcon.colcon_core.verb:set package 'sllidar_ros2' build argument 'cmake_target' from command line to 'None'
[0.362s] Level 5:colcon.colcon_core.verb:set package 'sllidar_ros2' build argument 'cmake_target_skip_unavailable' from command line to 'False'
[0.362s] Level 5:colcon.colcon_core.verb:set package 'sllidar_ros2' build argument 'cmake_clean_cache' from command line to 'False'
[0.363s] Level 5:colcon.colcon_core.verb:set package 'sllidar_ros2' build argument 'cmake_clean_first' from command line to 'False'
[0.363s] Level 5:colcon.colcon_core.verb:set package 'sllidar_ros2' build argument 'cmake_force_configure' from command line to 'False'
[0.363s] Level 5:colcon.colcon_core.verb:set package 'sllidar_ros2' build argument 'ament_cmake_args' from command line to 'None'
[0.363s] Level 5:colcon.colcon_core.verb:set package 'sllidar_ros2' build argument 'catkin_cmake_args' from command line to 'None'
[0.363s] Level 5:colcon.colcon_core.verb:set package 'sllidar_ros2' build argument 'catkin_skip_building_tests' from command line to 'False'
[0.363s] DEBUG:colcon.colcon_core.verb:Building package 'sllidar_ros2' with the following arguments: {'ament_cmake_args': None, 'build_base': '/home/willy/Willy2.0/ws/build/sllidar_ros2', 'catkin_cmake_args': None, 'catkin_skip_building_tests': False, 'cmake_args': None, 'cmake_clean_cache': False, 'cmake_clean_first': False, 'cmake_force_configure': False, 'cmake_target': None, 'cmake_target_skip_unavailable': False, 'install_base': '/home/willy/Willy2.0/ws/install/sllidar_ros2', 'merge_install': False, 'path': '/home/willy/Willy2.0/ws/src/sllidar_ros2', 'symlink_install': True, 'test_result_base': None}
[0.364s] Level 5:colcon.colcon_core.verb:set package 'urg_node2' build argument 'cmake_args' from command line to 'None'
[0.364s] Level 5:colcon.colcon_core.verb:set package 'urg_node2' build argument 'cmake_target' from command line to 'None'
[0.364s] Level 5:colcon.colcon_core.verb:set package 'urg_node2' build argument 'cmake_target_skip_unavailable' from command line to 'False'
[0.364s] Level 5:colcon.colcon_core.verb:set package 'urg_node2' build argument 'cmake_clean_cache' from command line to 'False'
[0.365s] Level 5:colcon.colcon_core.verb:set package 'urg_node2' build argument 'cmake_clean_first' from command line to 'False'
[0.365s] Level 5:colcon.colcon_core.verb:set package 'urg_node2' build argument 'cmake_force_configure' from command line to 'False'
[0.365s] Level 5:colcon.colcon_core.verb:set package 'urg_node2' build argument 'ament_cmake_args' from command line to 'None'
[0.365s] Level 5:colcon.colcon_core.verb:set package 'urg_node2' build argument 'catkin_cmake_args' from command line to 'None'
[0.365s] Level 5:colcon.colcon_core.verb:set package 'urg_node2' build argument 'catkin_skip_building_tests' from command line to 'False'
[0.365s] DEBUG:colcon.colcon_core.verb:Building package 'urg_node2' with the following arguments: {'ament_cmake_args': None, 'build_base': '/home/willy/Willy2.0/ws/build/urg_node2', 'catkin_cmake_args': None, 'catkin_skip_building_tests': False, 'cmake_args': None, 'cmake_clean_cache': False, 'cmake_clean_first': False, 'cmake_force_configure': False, 'cmake_target': None, 'cmake_target_skip_unavailable': False, 'install_base': '/home/willy/Willy2.0/ws/install/urg_node2', 'merge_install': False, 'path': '/home/willy/Willy2.0/ws/src/urg_node2', 'symlink_install': True, 'test_result_base': None}
[0.366s] INFO:colcon.colcon_core.executor:Executing jobs using 'parallel' executor
[0.367s] DEBUG:colcon.colcon_parallel_executor.executor.parallel:run_until_complete
[0.367s] INFO:colcon.colcon_ros.task.ament_cmake.build:Building ROS package in '/home/willy/Willy2.0/ws/src/sllidar_ros2' with build type 'ament_cmake'
[0.367s] INFO:colcon.colcon_cmake.task.cmake.build:Building CMake package in '/home/willy/Willy2.0/ws/src/sllidar_ros2'
[0.370s] INFO:colcon.colcon_core.plugin_system:Skipping extension 'colcon_core.shell.bat': Not used on non-Windows systems
[0.370s] INFO:colcon.colcon_core.shell:Skip shell extension 'powershell' for command environment: Not usable outside of PowerShell
[0.371s] DEBUG:colcon.colcon_core.shell:Skip shell extension 'dsv' for command environment
[0.407s] INFO:colcon.colcon_ros.task.ament_cmake.build:Building ROS package in '/home/willy/Willy2.0/ws/src/urg_node2' with build type 'ament_cmake'
[0.407s] INFO:colcon.colcon_cmake.task.cmake.build:Building CMake package in '/home/willy/Willy2.0/ws/src/urg_node2'
[0.408s] INFO:colcon.colcon_core.shell:Skip shell extension 'powershell' for command environment: Not usable outside of PowerShell
[0.408s] DEBUG:colcon.colcon_core.shell:Skip shell extension 'dsv' for command environment
[0.473s] DEBUG:colcon.colcon_core.event_handler.log_command:Invoking command in '/home/willy/Willy2.0/ws/build/sllidar_ros2': CMAKE_PREFIX_PATH=/opt/ros/humble /usr/bin/cmake --build /home/willy/Willy2.0/ws/build/sllidar_ros2 -- -j16 -l16
[0.498s] DEBUG:colcon.colcon_core.event_handler.log_command:Invoking command in '/home/willy/Willy2.0/ws/build/urg_node2': CMAKE_PREFIX_PATH=/opt/ros/humble /usr/bin/cmake /home/willy/Willy2.0/ws/src/urg_node2 -DAMENT_CMAKE_SYMLINK_INSTALL=1 -DCMAKE_INSTALL_PREFIX=/home/willy/Willy2.0/ws/install/urg_node2
[1.087s] DEBUG:colcon.colcon_core.event_handler.log_command:Invoked command in '/home/willy/Willy2.0/ws/build/sllidar_ros2' returned '0': CMAKE_PREFIX_PATH=/opt/ros/humble /usr/bin/cmake --build /home/willy/Willy2.0/ws/build/sllidar_ros2 -- -j16 -l16
[1.117s] DEBUG:colcon.colcon_core.event_handler.log_command:Invoking command in '/home/willy/Willy2.0/ws/build/sllidar_ros2': CMAKE_PREFIX_PATH=/opt/ros/humble /usr/bin/cmake --install /home/willy/Willy2.0/ws/build/sllidar_ros2
[2.484s] Level 1:colcon.colcon_core.environment:create_environment_scripts_only(sllidar_ros2)
[2.485s] DEBUG:colcon.colcon_core.event_handler.log_command:Invoked command in '/home/willy/Willy2.0/ws/build/sllidar_ros2' returned '0': CMAKE_PREFIX_PATH=/opt/ros/humble /usr/bin/cmake --install /home/willy/Willy2.0/ws/build/sllidar_ros2
[2.487s] Level 1:colcon.colcon_core.environment:checking '/home/willy/Willy2.0/ws/install/sllidar_ros2' for CMake module files
[2.603s] Level 1:colcon.colcon_core.environment:checking '/home/willy/Willy2.0/ws/install/sllidar_ros2' for CMake config files
[2.694s] Level 1:colcon.colcon_core.shell:create_environment_hook('sllidar_ros2', 'cmake_prefix_path')
[2.694s] INFO:colcon.colcon_core.shell:Creating environment hook '/home/willy/Willy2.0/ws/install/sllidar_ros2/share/sllidar_ros2/hook/cmake_prefix_path.ps1'
[2.706s] INFO:colcon.colcon_core.shell:Creating environment descriptor '/home/willy/Willy2.0/ws/install/sllidar_ros2/share/sllidar_ros2/hook/cmake_prefix_path.dsv'
[2.721s] INFO:colcon.colcon_core.shell:Creating environment hook '/home/willy/Willy2.0/ws/install/sllidar_ros2/share/sllidar_ros2/hook/cmake_prefix_path.sh'
[2.739s] Level 1:colcon.colcon_core.environment:checking '/home/willy/Willy2.0/ws/install/sllidar_ros2/lib'
[2.743s] Level 1:colcon.colcon_core.environment:checking '/home/willy/Willy2.0/ws/install/sllidar_ros2/bin'
[2.744s] Level 1:colcon.colcon_core.environment:checking '/home/willy/Willy2.0/ws/install/sllidar_ros2/lib/pkgconfig/sllidar_ros2.pc'
[2.748s] Level 1:colcon.colcon_core.environment:checking '/home/willy/Willy2.0/ws/install/sllidar_ros2/lib/python3.10/site-packages'
[2.749s] Level 1:colcon.colcon_core.environment:checking '/home/willy/Willy2.0/ws/install/sllidar_ros2/bin'
[2.751s] INFO:colcon.colcon_core.shell:Creating package script '/home/willy/Willy2.0/ws/install/sllidar_ros2/share/sllidar_ros2/package.ps1'
[2.763s] INFO:colcon.colcon_core.shell:Creating package descriptor '/home/willy/Willy2.0/ws/install/sllidar_ros2/share/sllidar_ros2/package.dsv'
[2.778s] INFO:colcon.colcon_core.shell:Creating package script '/home/willy/Willy2.0/ws/install/sllidar_ros2/share/sllidar_ros2/package.sh'
[2.791s] INFO:colcon.colcon_core.shell:Creating package script '/home/willy/Willy2.0/ws/install/sllidar_ros2/share/sllidar_ros2/package.bash'
[2.802s] INFO:colcon.colcon_core.shell:Creating package script '/home/willy/Willy2.0/ws/install/sllidar_ros2/share/sllidar_ros2/package.zsh'
[2.814s] Level 1:colcon.colcon_core.environment:create_file_with_runtime_dependencies(/home/willy/Willy2.0/ws/install/sllidar_ros2/share/colcon-core/packages/sllidar_ros2)
[2.839s] Level 1:colcon.colcon_core.environment:create_environment_scripts_only(sllidar_ros2)
[2.840s] Level 1:colcon.colcon_core.environment:checking '/home/willy/Willy2.0/ws/install/sllidar_ros2' for CMake module files
[2.962s] Level 1:colcon.colcon_core.environment:checking '/home/willy/Willy2.0/ws/install/sllidar_ros2' for CMake config files
[3.051s] Level 1:colcon.colcon_core.shell:create_environment_hook('sllidar_ros2', 'cmake_prefix_path')
[3.052s] INFO:colcon.colcon_core.shell:Creating environment hook '/home/willy/Willy2.0/ws/install/sllidar_ros2/share/sllidar_ros2/hook/cmake_prefix_path.ps1'
[3.064s] INFO:colcon.colcon_core.shell:Creating environment descriptor '/home/willy/Willy2.0/ws/install/sllidar_ros2/share/sllidar_ros2/hook/cmake_prefix_path.dsv'
[3.077s] INFO:colcon.colcon_core.shell:Creating environment hook '/home/willy/Willy2.0/ws/install/sllidar_ros2/share/sllidar_ros2/hook/cmake_prefix_path.sh'
[3.093s] Level 1:colcon.colcon_core.environment:checking '/home/willy/Willy2.0/ws/install/sllidar_ros2/lib'
[3.097s] Level 1:colcon.colcon_core.environment:checking '/home/willy/Willy2.0/ws/install/sllidar_ros2/bin'
[3.098s] Level 1:colcon.colcon_core.environment:checking '/home/willy/Willy2.0/ws/install/sllidar_ros2/lib/pkgconfig/sllidar_ros2.pc'
[3.100s] Level 1:colcon.colcon_core.environment:checking '/home/willy/Willy2.0/ws/install/sllidar_ros2/lib/python3.10/site-packages'
[3.101s] Level 1:colcon.colcon_core.environment:checking '/home/willy/Willy2.0/ws/install/sllidar_ros2/bin'
[3.103s] INFO:colcon.colcon_core.shell:Creating package script '/home/willy/Willy2.0/ws/install/sllidar_ros2/share/sllidar_ros2/package.ps1'
[3.115s] INFO:colcon.colcon_core.shell:Creating package descriptor '/home/willy/Willy2.0/ws/install/sllidar_ros2/share/sllidar_ros2/package.dsv'
[3.128s] INFO:colcon.colcon_core.shell:Creating package script '/home/willy/Willy2.0/ws/install/sllidar_ros2/share/sllidar_ros2/package.sh'
[3.140s] INFO:colcon.colcon_core.shell:Creating package script '/home/willy/Willy2.0/ws/install/sllidar_ros2/share/sllidar_ros2/package.bash'
[3.153s] INFO:colcon.colcon_core.shell:Creating package script '/home/willy/Willy2.0/ws/install/sllidar_ros2/share/sllidar_ros2/package.zsh'
[3.165s] Level 1:colcon.colcon_core.environment:create_file_with_runtime_dependencies(/home/willy/Willy2.0/ws/install/sllidar_ros2/share/colcon-core/packages/sllidar_ros2)
[3.185s] DEBUG:colcon.colcon_core.event_handler.log_command:Invoked command in '/home/willy/Willy2.0/ws/build/urg_node2' returned '0': CMAKE_PREFIX_PATH=/opt/ros/humble /usr/bin/cmake /home/willy/Willy2.0/ws/src/urg_node2 -DAMENT_CMAKE_SYMLINK_INSTALL=1 -DCMAKE_INSTALL_PREFIX=/home/willy/Willy2.0/ws/install/urg_node2
[3.193s] DEBUG:colcon.colcon_core.event_handler.log_command:Invoking command in '/home/willy/Willy2.0/ws/build/urg_node2': CMAKE_PREFIX_PATH=/opt/ros/humble /usr/bin/cmake --build /home/willy/Willy2.0/ws/build/urg_node2 -- -j16 -l16
[24.321s] DEBUG:colcon.colcon_core.event_handler.log_command:Invoked command in '/home/willy/Willy2.0/ws/build/urg_node2' returned '0': CMAKE_PREFIX_PATH=/opt/ros/humble /usr/bin/cmake --build /home/willy/Willy2.0/ws/build/urg_node2 -- -j16 -l16
[24.342s] DEBUG:colcon.colcon_core.event_handler.log_command:Invoking command in '/home/willy/Willy2.0/ws/build/urg_node2': CMAKE_PREFIX_PATH=/opt/ros/humble /usr/bin/cmake --install /home/willy/Willy2.0/ws/build/urg_node2
[25.324s] Level 1:colcon.colcon_core.environment:create_environment_scripts_only(urg_node2)
[25.324s] Level 1:colcon.colcon_core.environment:checking '/home/willy/Willy2.0/ws/install/urg_node2' for CMake module files
[25.325s] DEBUG:colcon.colcon_core.event_handler.log_command:Invoked command in '/home/willy/Willy2.0/ws/build/urg_node2' returned '0': CMAKE_PREFIX_PATH=/opt/ros/humble /usr/bin/cmake --install /home/willy/Willy2.0/ws/build/urg_node2
[25.429s] Level 1:colcon.colcon_core.environment:checking '/home/willy/Willy2.0/ws/install/urg_node2' for CMake config files
[25.553s] Level 1:colcon.colcon_core.shell:create_environment_hook('urg_node2', 'cmake_prefix_path')
[25.554s] INFO:colcon.colcon_core.shell:Creating environment hook '/home/willy/Willy2.0/ws/install/urg_node2/share/urg_node2/hook/cmake_prefix_path.ps1'
[25.565s] INFO:colcon.colcon_core.shell:Creating environment descriptor '/home/willy/Willy2.0/ws/install/urg_node2/share/urg_node2/hook/cmake_prefix_path.dsv'
[25.577s] INFO:colcon.colcon_core.shell:Creating environment hook '/home/willy/Willy2.0/ws/install/urg_node2/share/urg_node2/hook/cmake_prefix_path.sh'
[25.594s] Level 1:colcon.colcon_core.environment:checking '/home/willy/Willy2.0/ws/install/urg_node2/lib'
[25.599s] Level 1:colcon.colcon_core.shell:create_environment_hook('urg_node2', 'ld_library_path_lib')
[25.599s] INFO:colcon.colcon_core.shell:Creating environment hook '/home/willy/Willy2.0/ws/install/urg_node2/share/urg_node2/hook/ld_library_path_lib.ps1'
[25.612s] INFO:colcon.colcon_core.shell:Creating environment descriptor '/home/willy/Willy2.0/ws/install/urg_node2/share/urg_node2/hook/ld_library_path_lib.dsv'
[25.625s] INFO:colcon.colcon_core.shell:Creating environment hook '/home/willy/Willy2.0/ws/install/urg_node2/share/urg_node2/hook/ld_library_path_lib.sh'
[25.640s] Level 1:colcon.colcon_core.environment:checking '/home/willy/Willy2.0/ws/install/urg_node2/bin'
[25.642s] Level 1:colcon.colcon_core.environment:checking '/home/willy/Willy2.0/ws/install/urg_node2/lib/pkgconfig/urg_node2.pc'
[25.644s] Level 1:colcon.colcon_core.environment:checking '/home/willy/Willy2.0/ws/install/urg_node2/lib/python3.10/site-packages'
[25.646s] Level 1:colcon.colcon_core.environment:checking '/home/willy/Willy2.0/ws/install/urg_node2/bin'
[25.648s] INFO:colcon.colcon_core.shell:Creating package script '/home/willy/Willy2.0/ws/install/urg_node2/share/urg_node2/package.ps1'
[25.660s] INFO:colcon.colcon_core.shell:Creating package descriptor '/home/willy/Willy2.0/ws/install/urg_node2/share/urg_node2/package.dsv'
[25.674s] INFO:colcon.colcon_core.shell:Creating package script '/home/willy/Willy2.0/ws/install/urg_node2/share/urg_node2/package.sh'
[25.686s] INFO:colcon.colcon_core.shell:Creating package script '/home/willy/Willy2.0/ws/install/urg_node2/share/urg_node2/package.bash'
[25.699s] INFO:colcon.colcon_core.shell:Creating package script '/home/willy/Willy2.0/ws/install/urg_node2/share/urg_node2/package.zsh'
[25.714s] Level 1:colcon.colcon_core.environment:create_file_with_runtime_dependencies(/home/willy/Willy2.0/ws/install/urg_node2/share/colcon-core/packages/urg_node2)
[25.736s] Level 1:colcon.colcon_core.environment:create_environment_scripts_only(urg_node2)
[25.737s] Level 1:colcon.colcon_core.environment:checking '/home/willy/Willy2.0/ws/install/urg_node2' for CMake module files
[25.836s] Level 1:colcon.colcon_core.environment:checking '/home/willy/Willy2.0/ws/install/urg_node2' for CMake config files
[25.957s] Level 1:colcon.colcon_core.shell:create_environment_hook('urg_node2', 'cmake_prefix_path')
[25.957s] INFO:colcon.colcon_core.shell:Creating environment hook '/home/willy/Willy2.0/ws/install/urg_node2/share/urg_node2/hook/cmake_prefix_path.ps1'
[25.972s] INFO:colcon.colcon_core.shell:Creating environment descriptor '/home/willy/Willy2.0/ws/install/urg_node2/share/urg_node2/hook/cmake_prefix_path.dsv'
[25.987s] INFO:colcon.colcon_core.shell:Creating environment hook '/home/willy/Willy2.0/ws/install/urg_node2/share/urg_node2/hook/cmake_prefix_path.sh'
[26.005s] Level 1:colcon.colcon_core.environment:checking '/home/willy/Willy2.0/ws/install/urg_node2/lib'
[26.011s] Level 1:colcon.colcon_core.shell:create_environment_hook('urg_node2', 'ld_library_path_lib')
[26.012s] INFO:colcon.colcon_core.shell:Creating environment hook '/home/willy/Willy2.0/ws/install/urg_node2/share/urg_node2/hook/ld_library_path_lib.ps1'
[26.029s] INFO:colcon.colcon_core.shell:Creating environment descriptor '/home/willy/Willy2.0/ws/install/urg_node2/share/urg_node2/hook/ld_library_path_lib.dsv'
[26.042s] INFO:colcon.colcon_core.shell:Creating environment hook '/home/willy/Willy2.0/ws/install/urg_node2/share/urg_node2/hook/ld_library_path_lib.sh'
[26.057s] Level 1:colcon.colcon_core.environment:checking '/home/willy/Willy2.0/ws/install/urg_node2/bin'
[26.059s] Level 1:colcon.colcon_core.environment:checking '/home/willy/Willy2.0/ws/install/urg_node2/lib/pkgconfig/urg_node2.pc'
[26.061s] Level 1:colcon.colcon_core.environment:checking '/home/willy/Willy2.0/ws/install/urg_node2/lib/python3.10/site-packages'
[26.063s] Level 1:colcon.colcon_core.environment:checking '/home/willy/Willy2.0/ws/install/urg_node2/bin'
[26.065s] INFO:colcon.colcon_core.shell:Creating package script '/home/willy/Willy2.0/ws/install/urg_node2/share/urg_node2/package.ps1'
[26.078s] INFO:colcon.colcon_core.shell:Creating package descriptor '/home/willy/Willy2.0/ws/install/urg_node2/share/urg_node2/package.dsv'
[26.090s] INFO:colcon.colcon_core.shell:Creating package script '/home/willy/Willy2.0/ws/install/urg_node2/share/urg_node2/package.sh'
[26.103s] INFO:colcon.colcon_core.shell:Creating package script '/home/willy/Willy2.0/ws/install/urg_node2/share/urg_node2/package.bash'
[26.117s] INFO:colcon.colcon_core.shell:Creating package script '/home/willy/Willy2.0/ws/install/urg_node2/share/urg_node2/package.zsh'
[26.131s] Level 1:colcon.colcon_core.environment:create_file_with_runtime_dependencies(/home/willy/Willy2.0/ws/install/urg_node2/share/colcon-core/packages/urg_node2)
[26.141s] DEBUG:colcon.colcon_parallel_executor.executor.parallel:closing loop
[26.141s] DEBUG:colcon.colcon_parallel_executor.executor.parallel:loop closed
[26.142s] DEBUG:colcon.colcon_parallel_executor.executor.parallel:run_until_complete finished with '0'
[26.142s] DEBUG:colcon.colcon_core.event_reactor:joining thread
[26.162s] INFO:colcon.colcon_core.plugin_system:Skipping extension 'colcon_notification.desktop_notification.notify_send': Could not find 'notify-send'
[26.163s] INFO:colcon.colcon_core.plugin_system:Skipping extension 'colcon_notification.desktop_notification.terminal_notifier': Not used on non-Darwin systems
[26.163s] INFO:colcon.colcon_core.plugin_system:Skipping extension 'colcon_notification.desktop_notification.win32': Not used on non-Windows systems
[26.163s] INFO:colcon.colcon_notification.desktop_notification:Sending desktop notification using 'notify2'
[26.168s] DEBUG:colcon.colcon_notification.desktop_notification.notify2:Failed to initialize notify2: org.freedesktop.DBus.Error.Spawn.ExecFailed: /usr/bin/dbus-launch terminated abnormally without any error message
[26.169s] DEBUG:colcon.colcon_core.event_reactor:joined thread
[26.170s] INFO:colcon.colcon_core.shell:Creating prefix script '/home/willy/Willy2.0/ws/install/local_setup.ps1'
[26.178s] INFO:colcon.colcon_core.shell:Creating prefix util module '/home/willy/Willy2.0/ws/install/_local_setup_util_ps1.py'
[26.185s] INFO:colcon.colcon_core.shell:Creating prefix chain script '/home/willy/Willy2.0/ws/install/setup.ps1'
[26.193s] INFO:colcon.colcon_core.shell:Creating prefix script '/home/willy/Willy2.0/ws/install/local_setup.sh'
[26.199s] INFO:colcon.colcon_core.shell:Creating prefix util module '/home/willy/Willy2.0/ws/install/_local_setup_util_sh.py'
[26.205s] INFO:colcon.colcon_core.shell:Creating prefix chain script '/home/willy/Willy2.0/ws/install/setup.sh'
[26.212s] INFO:colcon.colcon_core.shell:Creating prefix script '/home/willy/Willy2.0/ws/install/local_setup.bash'
[26.218s] INFO:colcon.colcon_core.shell:Creating prefix chain script '/home/willy/Willy2.0/ws/install/setup.bash'
[26.225s] INFO:colcon.colcon_core.shell:Creating prefix script '/home/willy/Willy2.0/ws/install/local_setup.zsh'
[26.230s] INFO:colcon.colcon_core.shell:Creating prefix chain script '/home/willy/Willy2.0/ws/install/setup.zsh'
