[0.076s] Invoking command in '/home/willy/Willy2.0/ws/build/urg_node2': CMAKE_PREFIX_PATH=/opt/ros/humble /usr/bin/cmake /home/willy/Willy2.0/ws/src/urg_node2 -DAMENT_CMAKE_SYMLINK_INSTALL=1 -DCMAKE_INSTALL_PREFIX=/home/willy/Willy2.0/ws/install/urg_node2
[0.374s] -- The C compiler identification is GNU 11.4.0
[0.595s] -- The CXX compiler identification is GNU 11.4.0
[0.649s] -- Detecting C compiler ABI info
[1.151s] -- Detecting C compiler ABI info - done
[1.178s] -- Check for working C compiler: /usr/bin/cc - skipped
[1.180s] -- Detecting C compile features
[1.182s] -- Detecting C compile features - done
[1.232s] -- Detecting CXX compiler ABI info
[1.769s] -- Detecting CXX compiler ABI info - done
[1.793s] -- Check for working CXX compiler: /usr/bin/c++ - skipped
[1.795s] -- Detecting CXX compile features
[1.796s] -- Detecting CXX compile features - done
[1.844s] -- Found ament_cmake: 1.3.11 (/opt/ros/humble/share/ament_cmake/cmake)
[1.898s] -- Found Python3: /usr/bin/python3 (found version "3.10.12") found components: Interpreter 
[2.026s] -- Override CMake install command with custom implementation using symlinks instead of copying resources
[2.146s] -- Found rclcpp: 16.0.12 (/opt/ros/humble/share/rclcpp/cmake)
[2.205s] -- Found rosidl_generator_c: 3.1.6 (/opt/ros/humble/share/rosidl_generator_c/cmake)
[2.210s] -- Found rosidl_adapter: 3.1.6 (/opt/ros/humble/share/rosidl_adapter/cmake)
[2.224s] -- Found rosidl_generator_cpp: 3.1.6 (/opt/ros/humble/share/rosidl_generator_cpp/cmake)
[2.243s] -- Using all available rosidl_typesupport_c: rosidl_typesupport_fastrtps_c;rosidl_typesupport_introspection_c
[2.266s] -- Using all available rosidl_typesupport_cpp: rosidl_typesupport_fastrtps_cpp;rosidl_typesupport_introspection_cpp
[2.330s] -- Found rmw_implementation_cmake: 6.1.2 (/opt/ros/humble/share/rmw_implementation_cmake/cmake)
[2.337s] -- Found rmw_fastrtps_cpp: 6.2.7 (/opt/ros/humble/share/rmw_fastrtps_cpp/cmake)
[2.432s] -- Found OpenSSL: /usr/lib/x86_64-linux-gnu/libcrypto.so (found version "3.0.2")  
[2.501s] -- Found FastRTPS: /opt/ros/jazzy/include  
[2.643s] -- Using RMW implementation 'rmw_fastrtps_cpp' as default
[2.685s] -- Looking for pthread.h
[3.160s] -- Looking for pthread.h - found
[3.173s] -- Performing Test CMAKE_HAVE_LIBC_PTHREAD
[3.636s] -- Performing Test CMAKE_HAVE_LIBC_PTHREAD - Success
[3.642s] -- Found Threads: TRUE  
[3.685s] -- Found rclcpp_components: 16.0.12 (/opt/ros/humble/share/rclcpp_components/cmake)
[3.714s] -- Found rclcpp_lifecycle: 16.0.12 (/opt/ros/humble/share/rclcpp_lifecycle/cmake)
[3.740s] -- Found sensor_msgs: 4.8.0 (/opt/ros/humble/share/sensor_msgs/cmake)
[3.818s] [31mCMake Error at CMakeLists.txt:25 (find_package):
[3.819s]   By not providing "Finddiagnostic_updater.cmake" in CMAKE_MODULE_PATH this
[3.820s]   project has asked CMake to find a package configuration file provided by
[3.821s]   "diagnostic_updater", but CMake did not find one.
[3.821s] 
[3.822s]   Could not find a package configuration file provided by
[3.823s]   "diagnostic_updater" with any of the following names:
[3.823s] 
[3.824s]     diagnostic_updaterConfig.cmake
[3.825s]     diagnostic_updater-config.cmake
[3.826s] 
[3.827s]   Add the installation prefix of "diagnostic_updater" to CMAKE_PREFIX_PATH or
[3.828s]   set "diagnostic_updater_DIR" to a directory containing one of the above
[3.830s]   files.  If "diagnostic_updater" provides a separate development package or
[3.831s]   SDK, be sure it has been installed.
[3.832s] 
[3.833s] [0m
[3.834s] -- Configuring incomplete, errors occurred!
[3.835s] See also "/home/willy/Willy2.0/ws/build/urg_node2/CMakeFiles/CMakeOutput.log".
[3.850s] Invoked command in '/home/willy/Willy2.0/ws/build/urg_node2' returned '1': CMAKE_PREFIX_PATH=/opt/ros/humble /usr/bin/cmake /home/willy/Willy2.0/ws/src/urg_node2 -DAMENT_CMAKE_SYMLINK_INSTALL=1 -DCMAKE_INSTALL_PREFIX=/home/willy/Willy2.0/ws/install/urg_node2
