[0.118s] Invoking command in '/home/willy/Willy2.0/ws/build/sllidar_ros2': CMAKE_PREFIX_PATH=/opt/ros/humble /usr/bin/cmake --build /home/willy/Willy2.0/ws/build/sllidar_ros2 -- -j16 -l16
[0.306s] [35m[1mConsolidate compiler generated dependencies of target sllidar_client[0m
[0.407s] [35m[1mConsolidate compiler generated dependencies of target sllidar_node[0m
[0.606s] gmake[2]: Warning: File 'CMakeFiles/sllidar_client.dir/compiler_depend.make' has modification time 4.5 s in the future
[0.625s] gmake[2]: warning:  Clock skew detected.  Your build may be incomplete.
[0.641s] [ 10%] Built target sllidar_client
[1.341s] gmake[2]: Warning: File 'CMakeFiles/sllidar_node.dir/compiler_depend.make' has modification time 3.9 s in the future
[1.585s] gmake[2]: warning:  Clock skew detected.  Your build may be incomplete.
[1.648s] [100%] Built target sllidar_node
[1.736s] Invoked command in '/home/willy/Willy2.0/ws/build/sllidar_ros2' returned '0': CMAKE_PREFIX_PATH=/opt/ros/humble /usr/bin/cmake --build /home/willy/Willy2.0/ws/build/sllidar_ros2 -- -j16 -l16
[1.767s] Invoking command in '/home/willy/Willy2.0/ws/build/sllidar_ros2': CMAKE_PREFIX_PATH=/opt/ros/humble /usr/bin/cmake --install /home/willy/Willy2.0/ws/build/sllidar_ros2
[1.777s] -- Install configuration: ""
[1.787s] -- Execute custom install script
[1.910s] -- Symlinking: /home/willy/Willy2.0/ws/install/sllidar_ros2/share/sllidar_ros2/launch/sllidar_a1_launch.py
[1.951s] -- Symlinking: /home/willy/Willy2.0/ws/install/sllidar_ros2/share/sllidar_ros2/launch/sllidar_a2m12_launch .py
[1.989s] -- Symlinking: /home/willy/Willy2.0/ws/install/sllidar_ros2/share/sllidar_ros2/launch/sllidar_a2m7_launch.py
[2.025s] -- Symlinking: /home/willy/Willy2.0/ws/install/sllidar_ros2/share/sllidar_ros2/launch/sllidar_a2m8_launch.py
[2.065s] -- Symlinking: /home/willy/Willy2.0/ws/install/sllidar_ros2/share/sllidar_ros2/launch/sllidar_a3_launch.py
[2.100s] -- Symlinking: /home/willy/Willy2.0/ws/install/sllidar_ros2/share/sllidar_ros2/launch/sllidar_c1_launch.py
[2.142s] -- Symlinking: /home/willy/Willy2.0/ws/install/sllidar_ros2/share/sllidar_ros2/launch/sllidar_s1_launch.py
[2.171s] -- Symlinking: /home/willy/Willy2.0/ws/install/sllidar_ros2/share/sllidar_ros2/launch/sllidar_s1_tcp_launch.py
[2.205s] -- Symlinking: /home/willy/Willy2.0/ws/install/sllidar_ros2/share/sllidar_ros2/launch/sllidar_s2_launch.py
[2.236s] -- Symlinking: /home/willy/Willy2.0/ws/install/sllidar_ros2/share/sllidar_ros2/launch/sllidar_s2e_launch.py
[2.268s] -- Symlinking: /home/willy/Willy2.0/ws/install/sllidar_ros2/share/sllidar_ros2/launch/sllidar_s3_launch.py
[2.303s] -- Symlinking: /home/willy/Willy2.0/ws/install/sllidar_ros2/share/sllidar_ros2/launch/sllidar_t1_launch.py
[2.339s] -- Symlinking: /home/willy/Willy2.0/ws/install/sllidar_ros2/share/sllidar_ros2/launch/view_sllidar_a1_launch.py
[2.373s] -- Symlinking: /home/willy/Willy2.0/ws/install/sllidar_ros2/share/sllidar_ros2/launch/view_sllidar_a2m12_launch.py
[2.407s] -- Symlinking: /home/willy/Willy2.0/ws/install/sllidar_ros2/share/sllidar_ros2/launch/view_sllidar_a2m7_launch.py
[2.441s] -- Symlinking: /home/willy/Willy2.0/ws/install/sllidar_ros2/share/sllidar_ros2/launch/view_sllidar_a2m8_launch.py
[2.495s] -- Symlinking: /home/willy/Willy2.0/ws/install/sllidar_ros2/share/sllidar_ros2/launch/view_sllidar_a3_launch.py
[2.531s] -- Symlinking: /home/willy/Willy2.0/ws/install/sllidar_ros2/share/sllidar_ros2/launch/view_sllidar_c1_launch.py
[2.568s] -- Symlinking: /home/willy/Willy2.0/ws/install/sllidar_ros2/share/sllidar_ros2/launch/view_sllidar_s1_launch.py
[2.603s] -- Symlinking: /home/willy/Willy2.0/ws/install/sllidar_ros2/share/sllidar_ros2/launch/view_sllidar_s1_tcp_launch.py
[2.636s] -- Symlinking: /home/willy/Willy2.0/ws/install/sllidar_ros2/share/sllidar_ros2/launch/view_sllidar_s2_launch.py
[2.671s] -- Symlinking: /home/willy/Willy2.0/ws/install/sllidar_ros2/share/sllidar_ros2/launch/view_sllidar_s2e_launch.py
[2.705s] -- Symlinking: /home/willy/Willy2.0/ws/install/sllidar_ros2/share/sllidar_ros2/launch/view_sllidar_s3_launch.py
[2.739s] -- Symlinking: /home/willy/Willy2.0/ws/install/sllidar_ros2/share/sllidar_ros2/launch/view_sllidar_t1_launch.py
[2.784s] -- Symlinking: /home/willy/Willy2.0/ws/install/sllidar_ros2/share/sllidar_ros2/rviz/sllidar_ros2.rviz
[2.829s] -- Symlinking: /home/willy/Willy2.0/ws/install/sllidar_ros2/lib/sllidar_ros2/sllidar_node
[2.859s] -- Symlinking: /home/willy/Willy2.0/ws/install/sllidar_ros2/lib/sllidar_ros2/sllidar_client
[2.905s] -- Symlinking: /home/willy/Willy2.0/ws/install/sllidar_ros2/share/ament_index/resource_index/package_run_dependencies/sllidar_ros2
[2.961s] -- Symlinking: /home/willy/Willy2.0/ws/install/sllidar_ros2/share/ament_index/resource_index/parent_prefix_path/sllidar_ros2
[3.009s] -- Symlinking: /home/willy/Willy2.0/ws/install/sllidar_ros2/share/sllidar_ros2/environment/ament_prefix_path.sh
[3.043s] -- Symlinking: /home/willy/Willy2.0/ws/install/sllidar_ros2/share/sllidar_ros2/environment/ament_prefix_path.dsv
[3.079s] -- Symlinking: /home/willy/Willy2.0/ws/install/sllidar_ros2/share/sllidar_ros2/environment/path.sh
[3.118s] -- Symlinking: /home/willy/Willy2.0/ws/install/sllidar_ros2/share/sllidar_ros2/environment/path.dsv
[3.153s] -- Symlinking: /home/willy/Willy2.0/ws/install/sllidar_ros2/share/sllidar_ros2/local_setup.bash
[3.185s] -- Symlinking: /home/willy/Willy2.0/ws/install/sllidar_ros2/share/sllidar_ros2/local_setup.sh
[3.215s] -- Symlinking: /home/willy/Willy2.0/ws/install/sllidar_ros2/share/sllidar_ros2/local_setup.zsh
[3.244s] -- Symlinking: /home/willy/Willy2.0/ws/install/sllidar_ros2/share/sllidar_ros2/local_setup.dsv
[3.276s] -- Symlinking: /home/willy/Willy2.0/ws/install/sllidar_ros2/share/sllidar_ros2/package.dsv
[3.321s] -- Symlinking: /home/willy/Willy2.0/ws/install/sllidar_ros2/share/ament_index/resource_index/packages/sllidar_ros2
[3.365s] -- Symlinking: /home/willy/Willy2.0/ws/install/sllidar_ros2/share/sllidar_ros2/cmake/ament_cmake_export_dependencies-extras.cmake
[3.398s] -- Symlinking: /home/willy/Willy2.0/ws/install/sllidar_ros2/share/sllidar_ros2/cmake/ament_cmake_export_include_directories-extras.cmake
[3.436s] -- Symlinking: /home/willy/Willy2.0/ws/install/sllidar_ros2/share/sllidar_ros2/cmake/sllidar_ros2Config.cmake
[3.478s] -- Symlinking: /home/willy/Willy2.0/ws/install/sllidar_ros2/share/sllidar_ros2/cmake/sllidar_ros2Config-version.cmake
[3.517s] -- Symlinking: /home/willy/Willy2.0/ws/install/sllidar_ros2/share/sllidar_ros2/package.xml
