[0.086s] Invoking command in '/home/willy/Willy2.0/ws/build/urg_node2': CMAKE_PREFIX_PATH=${CMAKE_PREFIX_PATH}:/opt/ros/jazzy /usr/bin/cmake /home/willy/Willy2.0/ws/src/urg_node2 -DAMENT_CMAKE_SYMLINK_INSTALL=1 -DCMAKE_INSTALL_PREFIX=/home/willy/Willy2.0/ws/install/urg_node2
[0.434s] -- The C compiler identification is GNU 13.3.0
[0.672s] -- The CXX compiler identification is GNU 13.3.0
[0.736s] -- Detecting C compiler ABI info
[1.334s] -- Detecting C compiler ABI info - done
[1.368s] -- Check for working C compiler: /usr/bin/cc - skipped
[1.369s] -- Detecting C compile features
[1.371s] -- Detecting C compile features - done
[1.430s] -- Detecting CXX compiler ABI info
[2.037s] -- Detecting CXX compiler ABI info - done
[2.069s] -- Check for working CXX compiler: /usr/bin/c++ - skipped
[2.071s] -- Detecting CXX compile features
[2.072s] -- Detecting CXX compile features - done
[2.136s] -- Found ament_cmake: 2.5.4 (/opt/ros/jazzy/share/ament_cmake/cmake)
[2.332s] -- Found Python3: /usr/bin/python3 (found version "3.12.3") found components: Interpreter 
[2.482s] -- Override CMake install command with custom implementation using symlinks instead of copying resources
[2.898s] -- Found rclcpp: 28.1.9 (/opt/ros/jazzy/share/rclcpp/cmake)
[3.176s] -- Found rosidl_generator_c: 4.6.5 (/opt/ros/jazzy/share/rosidl_generator_c/cmake)
[3.272s] -- Found rosidl_generator_cpp: 4.6.5 (/opt/ros/jazzy/share/rosidl_generator_cpp/cmake)
[3.369s] -- Using all available rosidl_typesupport_c: rosidl_typesupport_fastrtps_c;rosidl_typesupport_introspection_c
[3.462s] -- Using all available rosidl_typesupport_cpp: rosidl_typesupport_fastrtps_cpp;rosidl_typesupport_introspection_cpp
[3.801s] -- Found rmw_implementation_cmake: 7.3.2 (/opt/ros/jazzy/share/rmw_implementation_cmake/cmake)
[3.825s] -- Found rmw_fastrtps_cpp: 8.4.2 (/opt/ros/jazzy/share/rmw_fastrtps_cpp/cmake)
[4.040s] -- Found OpenSSL: /usr/lib/x86_64-linux-gnu/libcrypto.so (found version "3.0.13")  
[4.075s] -- Found FastRTPS: /opt/ros/jazzy/include (Required is at least version "2.13") 
[4.134s] -- Using RMW implementation 'rmw_fastrtps_cpp' as default
[4.402s] -- Found rclcpp_components: 28.1.9 (/opt/ros/jazzy/share/rclcpp_components/cmake)
[4.544s] -- Found rclcpp_lifecycle: 28.1.9 (/opt/ros/jazzy/share/rclcpp_lifecycle/cmake)
[4.661s] -- Found sensor_msgs: 5.3.6 (/opt/ros/jazzy/share/sensor_msgs/cmake)
[4.779s] -- Found diagnostic_updater: 4.2.4 (/opt/ros/jazzy/share/diagnostic_updater/cmake)
[4.884s] [31mCMake Error at CMakeLists.txt:26 (find_package):
[4.885s]   By not providing "Findlaser_proc.cmake" in CMAKE_MODULE_PATH this project
[4.886s]   has asked CMake to find a package configuration file provided by
[4.886s]   "laser_proc", but CMake did not find one.
[4.887s] 
[4.888s]   Could not find a package configuration file provided by "laser_proc" with
[4.888s]   any of the following names:
[4.889s] 
[4.890s]     laser_procConfig.cmake
[4.890s]     laser_proc-config.cmake
[4.891s] 
[4.892s]   Add the installation prefix of "laser_proc" to CMAKE_PREFIX_PATH or set
[4.892s]   "laser_proc_DIR" to a directory containing one of the above files.  If
[4.893s]   "laser_proc" provides a separate development package or SDK, be sure it has
[4.894s]   been installed.
[4.894s] 
[4.895s] [0m
[4.895s] -- Configuring incomplete, errors occurred!
[4.905s] Invoked command in '/home/willy/Willy2.0/ws/build/urg_node2' returned '1': CMAKE_PREFIX_PATH=${CMAKE_PREFIX_PATH}:/opt/ros/jazzy /usr/bin/cmake /home/willy/Willy2.0/ws/src/urg_node2 -DAMENT_CMAKE_SYMLINK_INSTALL=1 -DCMAKE_INSTALL_PREFIX=/home/willy/Willy2.0/ws/install/urg_node2
